<?xml version="1.0" encoding="UTF-8"?>
<testsuite xmlns:xsi="http://www.w3.org/2001/XMLSchema-instance" xsi:noNamespaceSchemaLocation="https://maven.apache.org/surefire/maven-surefire-plugin/xsd/surefire-test-report.xsd" version="3.0.2" name="com.staketickets.sorteo.SorteoApplicationTests" time="5.617" tests="1" errors="0" skipped="0" failures="0">
  <properties>
[...]
</properties>
  <testcase name="contextLoads" classname="com.staketickets.sorteo.SorteoApplicationTests" time="0.322">
    <system-out><![CDATA[23:51:29.465 [main] INFO org.springframework.test.context.support.AnnotationConfigContextLoaderUtils -- Could not detect default configuration classes for test class [com.staketickets.sorteo.SorteoApplicationTests]: SorteoApplicationTests does not declare any static, non-private, non-final, nested classes annotated with @Configuration.
23:51:29.586 [main] INFO org.springframework.boot.test.context.SpringBootTestContextBootstrapper -- Found @SpringBootConfiguration com.staketickets.sorteo.SorteoApplication for test class com.staketickets.sorteo.SorteoApplicationTests
23:51:29.748 [main] INFO org.springframework.boot.devtools.restart.RestartApplicationListener -- Restart disabled due to context in which it is running

  .   ____          _            __ _ _
 /\\ / ___'_ __ _ _(_)_ __  __ _ \ \ \ \
( ( )\___ | '_ | '_| | '_ \/ _` | \ \ \ \
 \\/  ___)| |_)| | | | | || (_| |  ) ) ) )
  '  |____| .__|_| |_|_| |_\__, | / / / /
 =========|_|==============|___/=/_/_/_/

 :: Spring Boot ::                (v3.5.0)

2025-06-16T23:51:30.042-03:00  INFO 7828 --- [sorteo] [           main] c.s.sorteo.SorteoApplicationTests        : Starting SorteoApplicationTests using Java 20.0.2 with PID 7828 (started by feede in C:\Users\feede\Downloads\stake\Nuevo Archivo WinRAR ZIP\Sorteo (1)-20250613T231107Z-1-001\sorteo\sorteo)
2025-06-16T23:51:30.042-03:00  INFO 7828 --- [sorteo] [           main] c.s.sorteo.SorteoApplicationTests        : No active profile set, falling back to 1 default profile: "default"
2025-06-16T23:51:30.697-03:00  INFO 7828 --- [sorteo] [           main] .s.d.r.c.RepositoryConfigurationDelegate : Bootstrapping Spring Data JPA repositories in DEFAULT mode.
2025-06-16T23:51:30.777-03:00  INFO 7828 --- [sorteo] [           main] .s.d.r.c.RepositoryConfigurationDelegate : Finished Spring Data repository scanning in 56 ms. Found 1 JPA repository interface.
2025-06-16T23:51:31.250-03:00  INFO 7828 --- [sorteo] [           main] o.hibernate.jpa.internal.util.LogHelper  : HHH000204: Processing PersistenceUnitInfo [name: default]
2025-06-16T23:51:31.314-03:00  INFO 7828 --- [sorteo] [           main] org.hibernate.Version                    : HHH000412: Hibernate ORM core version 6.6.15.Final
2025-06-16T23:51:31.350-03:00  INFO 7828 --- [sorteo] [           main] o.h.c.internal.RegionFactoryInitiator    : HHH000026: Second-level cache disabled
2025-06-16T23:51:31.750-03:00  INFO 7828 --- [sorteo] [           main] o.s.o.j.p.SpringPersistenceUnitInfo      : No LoadTimeWeaver setup: ignoring JPA class transformer
2025-06-16T23:51:31.795-03:00  INFO 7828 --- [sorteo] [           main] com.zaxxer.hikari.HikariDataSource       : HikariPool-1 - Starting...
2025-06-16T23:51:31.936-03:00  INFO 7828 --- [sorteo] [           main] com.zaxxer.hikari.pool.HikariPool        : HikariPool-1 - Added connection com.mysql.cj.jdbc.ConnectionImpl@371cd2fc
2025-06-16T23:51:31.937-03:00  INFO 7828 --- [sorteo] [           main] com.zaxxer.hikari.HikariDataSource       : HikariPool-1 - Start completed.
2025-06-16T23:51:31.954-03:00  WARN 7828 --- [sorteo] [           main] org.hibernate.orm.deprecation            : HHH90000025: MySQL8Dialect does not need to be specified explicitly using 'hibernate.dialect' (remove the property setting and it will be selected by default)
2025-06-16T23:51:31.954-03:00  WARN 7828 --- [sorteo] [           main] org.hibernate.orm.deprecation            : HHH90000026: MySQL8Dialect has been deprecated; use org.hibernate.dialect.MySQLDialect instead
2025-06-16T23:51:31.968-03:00  INFO 7828 --- [sorteo] [           main] org.hibernate.orm.connections.pooling    : HHH10001005: Database info:
	Database JDBC URL [Connecting through datasource 'HikariDataSource (HikariPool-1)']
	Database driver: undefined/unknown
	Database version: 8.0
	Autocommit mode: undefined/unknown
	Isolation level: undefined/unknown
	Minimum pool size: undefined/unknown
	Maximum pool size: undefined/unknown
2025-06-16T23:51:32.715-03:00  INFO 7828 --- [sorteo] [           main] o.h.e.t.j.p.i.JtaPlatformInitiator       : HHH000489: No JTA platform available (set 'hibernate.transaction.jta.platform' to enable JTA platform integration)
2025-06-16T23:51:32.790-03:00  INFO 7828 --- [sorteo] [           main] j.LocalContainerEntityManagerFactoryBean : Initialized JPA EntityManagerFactory for persistence unit 'default'
2025-06-16T23:51:33.016-03:00  INFO 7828 --- [sorteo] [           main] o.s.d.j.r.query.QueryEnhancerFactory     : Hibernate is in classpath; If applicable, HQL parser will be used.
2025-06-16T23:51:33.701-03:00  WARN 7828 --- [sorteo] [           main] JpaBaseConfiguration$JpaWebConfiguration : spring.jpa.open-in-view is enabled by default. Therefore, database queries may be performed during view rendering. Explicitly configure spring.jpa.open-in-view to disable this warning
2025-06-16T23:51:33.739-03:00 TRACE 7828 --- [sorteo] [           main] eGlobalAuthenticationAutowiredConfigurer : Eagerly initializing {org.springframework.boot.autoconfigure.security.servlet.SpringBootWebSecurityConfiguration$WebSecurityEnablerConfiguration=org.springframework.boot.autoconfigure.security.servlet.SpringBootWebSecurityConfiguration$WebSecurityEnablerConfiguration@5d9b79a2}
2025-06-16T23:51:33.744-03:00  WARN 7828 --- [sorteo] [           main] o.s.security.core.userdetails.User       : User.withDefaultPasswordEncoder() is considered unsafe for production and is only intended for sample applications.
2025-06-16T23:51:33.833-03:00  INFO 7828 --- [sorteo] [           main] r$InitializeUserDetailsManagerConfigurer : Global AuthenticationManager configured with UserDetailsService bean with name userDetailsService
2025-06-16T23:51:34.186-03:00 DEBUG 7828 --- [sorteo] [           main] o.s.s.web.DefaultSecurityFilterChain     : Will secure any request with filters: DisableEncodeUrlFilter, WebAsyncManagerIntegrationFilter, SecurityContextHolderFilter, HeaderWriterFilter, LogoutFilter, UsernamePasswordAuthenticationFilter, RequestCacheAwareFilter, SecurityContextHolderAwareRequestFilter, AnonymousAuthenticationFilter, ExceptionTranslationFilter, AuthorizationFilter
2025-06-16T23:51:34.602-03:00  INFO 7828 --- [sorteo] [           main] c.s.sorteo.SorteoApplicationTests        : Started SorteoApplicationTests in 4.87 seconds (process running for 5.763)
]]></system-out>
  </testcase>
</testsuite>